20/Mar/2023:20:08:16 046 [Calculator.java] [INFO] Calculator [SQRT] - 64.0
20/Mar/2023:20:08:16 050 [Calculator.java] [INFO] Calculator [RESULT - SQRT] - 8.0
20/Mar/2023:20:08:16 050 [Calculator.java] [INFO] Calculator [FACTORIAL] - 64
20/Mar/2023:20:08:16 050 [Calculator.java] [INFO] Calculator [RESULT - FACTORIAL] - 0
20/Mar/2023:20:08:16 051 [Calculator.java] [INFO] Calculator [LOG] - 64.0
20/Mar/2023:20:08:16 051 [Calculator.java] [INFO] Calculator [RESULT - LOG] - 4.158883
20/Mar/2023:20:08:16 052 [Calculator.java] [INFO] Calculator [POWER] - 64.0, 0.0
20/Mar/2023:20:08:16 052 [Calculator.java] [INFO] Calculator [RESULT - POWER] - 1.0
20/Mar/2023:20:08:16 053 [Calculator.java] [ERROR] Calculator [ERROR] - cannot select this option
20/Mar/2023:20:09:53 893 [Calculator.java] [INFO] Calculator [SQRT] - 64.0
20/Mar/2023:20:09:53 897 [Calculator.java] [INFO] Calculator [RESULT - SQRT] - 8.0
20/Mar/2023:20:31:59 913 [Calculator.java] [INFO] Calculator [FACTORIAL] - 3
20/Mar/2023:20:31:59 919 [Calculator.java] [INFO] Calculator [RESULT - FACTORIAL] - 6
20/Mar/2023:20:36:48 443 [Calculator.java] [ERROR] Calculator [ERROR - SQRT] - square root function is given -ve number
20/Mar/2023:20:36:48 448 [Calculator.java] [INFO] Calculator [SQRT] - 25.0
20/Mar/2023:20:36:48 449 [Calculator.java] [INFO] Calculator [RESULT - SQRT] - 5.0
20/Mar/2023:20:36:48 450 [Calculator.java] [INFO] Calculator [POWER] - 2.0, 3.0
20/Mar/2023:20:36:48 451 [Calculator.java] [INFO] Calculator [RESULT - POWER] - 8.0
20/Mar/2023:20:36:48 451 [Calculator.java] [INFO] Calculator [POWER] - -2.0, 3.0
20/Mar/2023:20:36:48 452 [Calculator.java] [INFO] Calculator [RESULT - POWER] - -8.0
20/Mar/2023:20:36:48 452 [Calculator.java] [INFO] Calculator [POWER] - -0.5, -3.0
20/Mar/2023:20:36:48 452 [Calculator.java] [INFO] Calculator [RESULT - POWER] - -8.0
20/Mar/2023:20:36:48 453 [Calculator.java] [ERROR] Calculator [ERROR - FACTORIAL] - factorial function does not work with -ve number
20/Mar/2023:20:36:48 454 [Calculator.java] [INFO] Calculator [FACTORIAL] - 5
20/Mar/2023:20:36:48 454 [Calculator.java] [INFO] Calculator [RESULT - FACTORIAL] - 120
20/Mar/2023:20:36:48 455 [Calculator.java] [ERROR] Calculator [ERROR - LOG] - natural log function does not work with -ve number
20/Mar/2023:20:36:48 456 [Calculator.java] [INFO] Calculator [LOG] - 10.0
20/Mar/2023:20:36:48 456 [Calculator.java] [INFO] Calculator [RESULT - LOG] - 2.3025851
20/Mar/2023:23:38:04 935 [Calculator.java] [ERROR] Calculator [ERROR - SQRT] - square root function is given -ve number
20/Mar/2023:23:38:04 942 [Calculator.java] [INFO] Calculator [SQRT] - 25.0
20/Mar/2023:23:38:04 942 [Calculator.java] [INFO] Calculator [RESULT - SQRT] - 5.0
20/Mar/2023:23:38:04 945 [Calculator.java] [INFO] Calculator [POWER] - 2.0, 3.0
20/Mar/2023:23:38:04 945 [Calculator.java] [INFO] Calculator [RESULT - POWER] - 8.0
20/Mar/2023:23:38:04 946 [Calculator.java] [INFO] Calculator [POWER] - -2.0, 3.0
20/Mar/2023:23:38:04 946 [Calculator.java] [INFO] Calculator [RESULT - POWER] - -8.0
20/Mar/2023:23:38:04 947 [Calculator.java] [INFO] Calculator [POWER] - -0.5, -3.0
20/Mar/2023:23:38:04 947 [Calculator.java] [INFO] Calculator [RESULT - POWER] - -8.0
20/Mar/2023:23:38:04 949 [Calculator.java] [ERROR] Calculator [ERROR - FACTORIAL] - factorial function does not work with -ve number
20/Mar/2023:23:38:04 949 [Calculator.java] [INFO] Calculator [FACTORIAL] - 5
20/Mar/2023:23:38:04 950 [Calculator.java] [INFO] Calculator [RESULT - FACTORIAL] - 120
20/Mar/2023:23:38:04 951 [Calculator.java] [ERROR] Calculator [ERROR - LOG] - natural log function does not work with -ve number
20/Mar/2023:23:38:04 952 [Calculator.java] [INFO] Calculator [LOG] - 10.0
20/Mar/2023:23:38:04 952 [Calculator.java] [INFO] Calculator [RESULT - LOG] - 2.3025851
21/Mar/2023:02:13:51 907 [Calculator.java] [ERROR] Calculator [ERROR - SQRT] - square root function is given -ve number
21/Mar/2023:02:13:51 915 [Calculator.java] [INFO] Calculator [SQRT] - 25.0
21/Mar/2023:02:13:51 917 [Calculator.java] [INFO] Calculator [RESULT - SQRT] - 5.0
21/Mar/2023:02:13:51 926 [Calculator.java] [INFO] Calculator [POWER] - 2.0, 3.0
21/Mar/2023:02:13:51 927 [Calculator.java] [INFO] Calculator [RESULT - POWER] - 8.0
21/Mar/2023:02:13:51 928 [Calculator.java] [INFO] Calculator [POWER] - -2.0, 3.0
21/Mar/2023:02:13:51 928 [Calculator.java] [INFO] Calculator [RESULT - POWER] - -8.0
21/Mar/2023:02:13:51 929 [Calculator.java] [INFO] Calculator [POWER] - -0.5, -3.0
21/Mar/2023:02:13:51 929 [Calculator.java] [INFO] Calculator [RESULT - POWER] - -8.0
21/Mar/2023:02:13:51 931 [Calculator.java] [ERROR] Calculator [ERROR - FACTORIAL] - factorial function does not work with -ve number
21/Mar/2023:02:13:51 932 [Calculator.java] [INFO] Calculator [FACTORIAL] - 5
21/Mar/2023:02:13:51 932 [Calculator.java] [INFO] Calculator [RESULT - FACTORIAL] - 120
21/Mar/2023:02:13:51 935 [Calculator.java] [ERROR] Calculator [ERROR - LOG] - natural log function does not work with -ve number
21/Mar/2023:02:13:51 936 [Calculator.java] [INFO] Calculator [LOG] - 10.0
21/Mar/2023:02:13:51 937 [Calculator.java] [INFO] Calculator [RESULT - LOG] - 2.3025851
21/Mar/2023:02:15:12 922 [Calculator.java] [INFO] Calculator [SQRT] - 64.0
21/Mar/2023:02:15:12 930 [Calculator.java] [INFO] Calculator [RESULT - SQRT] - 8.0
21/Mar/2023:02:16:36 181 [Calculator.java] [ERROR] Calculator [ERROR - SQRT] - square root function is given -ve number
21/Mar/2023:02:16:36 189 [Calculator.java] [INFO] Calculator [SQRT] - 25.0
21/Mar/2023:02:16:36 191 [Calculator.java] [INFO] Calculator [RESULT - SQRT] - 5.0
21/Mar/2023:02:16:36 200 [Calculator.java] [INFO] Calculator [POWER] - 2.0, 3.0
21/Mar/2023:02:16:36 201 [Calculator.java] [INFO] Calculator [RESULT - POWER] - 8.0
21/Mar/2023:02:16:36 201 [Calculator.java] [INFO] Calculator [POWER] - -2.0, 3.0
21/Mar/2023:02:16:36 202 [Calculator.java] [INFO] Calculator [RESULT - POWER] - -8.0
21/Mar/2023:02:16:36 203 [Calculator.java] [INFO] Calculator [POWER] - -0.5, -3.0
21/Mar/2023:02:16:36 203 [Calculator.java] [INFO] Calculator [RESULT - POWER] - -8.0
21/Mar/2023:02:16:36 204 [Calculator.java] [ERROR] Calculator [ERROR - FACTORIAL] - factorial function does not work with -ve number
21/Mar/2023:02:16:36 205 [Calculator.java] [INFO] Calculator [FACTORIAL] - 5
21/Mar/2023:02:16:36 205 [Calculator.java] [INFO] Calculator [RESULT - FACTORIAL] - 120
21/Mar/2023:02:16:36 207 [Calculator.java] [ERROR] Calculator [ERROR - LOG] - natural log function does not work with -ve number
21/Mar/2023:02:16:36 208 [Calculator.java] [INFO] Calculator [LOG] - 10.0
21/Mar/2023:02:16:36 209 [Calculator.java] [INFO] Calculator [RESULT - LOG] - 2.3025851
21/Mar/2023:02:16:44 152 [Calculator.java] [INFO] Calculator [POWER] - 2.0, 3.0
21/Mar/2023:02:16:44 155 [Calculator.java] [INFO] Calculator [RESULT - POWER] - 8.0
21/Mar/2023:02:17:00 354 [Calculator.java] [ERROR] Calculator [ERROR - SQRT] - square root function is given -ve number
21/Mar/2023:02:17:00 362 [Calculator.java] [INFO] Calculator [SQRT] - 25.0
21/Mar/2023:02:17:00 363 [Calculator.java] [INFO] Calculator [RESULT - SQRT] - 5.0
21/Mar/2023:02:17:00 371 [Calculator.java] [INFO] Calculator [POWER] - 2.0, 3.0
21/Mar/2023:02:17:00 372 [Calculator.java] [INFO] Calculator [RESULT - POWER] - 8.0
21/Mar/2023:02:17:00 373 [Calculator.java] [INFO] Calculator [POWER] - -2.0, 3.0
21/Mar/2023:02:17:00 373 [Calculator.java] [INFO] Calculator [RESULT - POWER] - -8.0
21/Mar/2023:02:17:00 374 [Calculator.java] [INFO] Calculator [POWER] - -0.5, -3.0
21/Mar/2023:02:17:00 374 [Calculator.java] [INFO] Calculator [RESULT - POWER] - -8.0
21/Mar/2023:02:17:00 376 [Calculator.java] [ERROR] Calculator [ERROR - FACTORIAL] - factorial function does not work with -ve number
21/Mar/2023:02:17:00 376 [Calculator.java] [INFO] Calculator [FACTORIAL] - 5
21/Mar/2023:02:17:00 377 [Calculator.java] [INFO] Calculator [RESULT - FACTORIAL] - 120
21/Mar/2023:02:17:00 379 [Calculator.java] [ERROR] Calculator [ERROR - LOG] - natural log function does not work with -ve number
21/Mar/2023:02:17:00 379 [Calculator.java] [INFO] Calculator [LOG] - 10.0
21/Mar/2023:02:17:00 380 [Calculator.java] [INFO] Calculator [RESULT - LOG] - 2.3025851
